This is pdfTeX, Version 3.14159265-2.6-1.40.19 (MiKTeX 2.9.6730) (preloaded format=pdflatex 2018.10.22)  3 MAR 2022 16:12
entering extended mode
**./Report.tex
(Report.tex
LaTeX2e <2018-04-01> patch level 5
(D:\MikTex\texmfs\install\tex\latex\base\report.cls
Document Class: report 2014/09/29 v1.4h Standard LaTeX document class
(D:\MikTex\texmfs\install\tex\latex\base\size12.clo
File: size12.clo 2014/09/29 v1.4h Standard LaTeX file (size option)
)
\c@part=\count80
\c@chapter=\count81
\c@section=\count82
\c@subsection=\count83
\c@subsubsection=\count84
\c@paragraph=\count85
\c@subparagraph=\count86
\c@figure=\count87
\c@table=\count88
\abovecaptionskip=\skip41
\belowcaptionskip=\skip42
\bibindent=\dimen102
)
(D:\MikTex\texmfs\install\tex\latex\base\inputenc.sty
Package: inputenc 2018/04/06 v1.3b Input encoding file
\inpenc@prehook=\toks14
\inpenc@posthook=\toks15

(D:\MikTex\texmfs\install\tex\latex\ucs\utf8x.def
File: utf8x.def 2004/10/17 UCS: Input encoding UTF-8
))
(D:\MikTex\texmfs\install\tex\latex\ucs\ucs.sty
Package: ucs 2013/05/11 v2.2 UCS: Unicode input support

(D:\MikTex\texmfs\install\tex\latex\ucs\uni-global.def
File: uni-global.def 2013/05/13 UCS: Unicode global data
)
\uc@secondtry=\count89
\uc@combtoks=\toks16
\uc@combtoksb=\toks17
\uc@temptokena=\toks18
) (includes.tex
(D:\MikTex\texmfs\install\tex\latex\geometry\geometry.sty
Package: geometry 2018/04/16 v5.8 Page Geometry

(D:\MikTex\texmfs\install\tex\latex\graphics\keyval.sty
Package: keyval 2014/10/28 v1.15 key=value parser (DPC)
\KV@toks@=\toks19
)
(D:\MikTex\texmfs\install\tex\generic\oberdiek\ifpdf.sty
Package: ifpdf 2017/03/15 v3.2 Provides the ifpdf switch
)
(D:\MikTex\texmfs\install\tex\generic\oberdiek\ifvtex.sty
Package: ifvtex 2016/05/16 v1.6 Detect VTeX and its facilities (HO)
Package ifvtex Info: VTeX not detected.
)
(D:\MikTex\texmfs\install\tex\generic\ifxetex\ifxetex.sty
Package: ifxetex 2010/09/12 v0.6 Provides ifxetex conditional
)
\Gm@cnth=\count90
\Gm@cntv=\count91
\c@Gm@tempcnt=\count92
\Gm@bindingoffset=\dimen103
\Gm@wd@mp=\dimen104
\Gm@odd@mp=\dimen105
\Gm@even@mp=\dimen106
\Gm@layoutwidth=\dimen107
\Gm@layoutheight=\dimen108
\Gm@layouthoffset=\dimen109
\Gm@layoutvoffset=\dimen110
\Gm@dimlist=\toks20

(D:\MikTex\texmfs\install\tex\latex\geometry\geometry.cfg))
(D:\MikTex\texmfs\install\tex\latex\textpos\textpos.sty
Package: textpos 2020/09/26 v1.10

Package: textpos 2020/09/26 1.10, absolute positioning of text on the page
Package textpos Info: choosing support for LaTeX2e on input line 61.
\TP@textbox=\box26
\TPHorizModule=\dimen111
\TPVertModule=\dimen112
\TP@margin=\dimen113
\TP@absmargin=\dimen114
Grid set 16 x 16 = 37.34424pt x 52.81541pt
\TPboxrulesize=\dimen115
\TP@tbargs=\toks21
) (D:\MikTex\texmfs\install\tex\latex\cite\cite.sty
LaTeX Info: Redefining \cite on input line 302.
LaTeX Info: Redefining \nocite on input line 332.
Package: cite 2015/02/27  v 5.5
)
(D:\MikTex\texmfs\install\tex\latex\tools\tabularx.sty
Package: tabularx 2016/02/03 v2.11b `tabularx' package (DPC)

(D:\MikTex\texmfs\install\tex\latex\tools\array.sty
Package: array 2018/04/30 v2.4h Tabular extension package (FMi)
\col@sep=\dimen116
\ar@mcellbox=\box27
\extrarowheight=\dimen117
\NC@list=\toks22
\extratabsurround=\skip43
\backup@length=\skip44
\ar@cellbox=\box28
)
\TX@col@width=\dimen118
\TX@old@table=\dimen119
\TX@old@col=\dimen120
\TX@target=\dimen121
\TX@delta=\dimen122
\TX@cols=\count93
\TX@ftn=\toks23
)
(D:\MikTex\texmfs\install\tex\latex\tools\longtable.sty
Package: longtable 2014/10/28 v4.11 Multi-page Table package (DPC)
\LTleft=\skip45
\LTright=\skip46
\LTpre=\skip47
\LTpost=\skip48
\LTchunksize=\count94
\LTcapwidth=\dimen123
\LT@head=\box29
\LT@firsthead=\box30
\LT@foot=\box31
\LT@lastfoot=\box32
\LT@cols=\count95
\LT@rows=\count96
\c@LT@tables=\count97
\c@LT@chunks=\count98
\LT@p@ftn=\toks24
)
(D:\MikTex\texmfs\install\tex\latex\multirow\multirow.sty
Package: multirow 2016/11/25 v2.2 Span multiple rows of a table
\multirow@colwidth=\skip49
\multirow@cntb=\count99
\multirow@dima=\skip50
\bigstrutjot=\dimen124
)
(D:\MikTex\texmfs\install\tex\latex\caption\subcaption.sty
Package: subcaption 2018/05/01 v1.1-162 Sub-captions (AR)

(D:\MikTex\texmfs\install\tex\latex\caption\caption.sty
Package: caption 2018/10/06 v3.3-154 Customizing captions (AR)

(D:\MikTex\texmfs\install\tex\latex\caption\caption3.sty
Package: caption3 2018/09/12 v1.8c caption3 kernel (AR)
Package caption3 Info: TeX engine: e-TeX on input line 64.
\captionmargin=\dimen125
\captionmargin@=\dimen126
\captionwidth=\dimen127
\caption@tempdima=\dimen128
\caption@indent=\dimen129
\caption@parindent=\dimen130
\caption@hangindent=\dimen131
)
\c@caption@flags=\count100
\c@ContinuedFloat=\count101
Package caption Info: longtable package is loaded.

(D:\MikTex\texmfs\install\tex\latex\caption\ltcaption.sty
Package: ltcaption 2018/08/26 v1.4-95 longtable captions (AR)
))
\c@subfigure=\count102
\c@subtable=\count103
)
(D:\MikTex\texmfs\install\tex\latex\wrapfig\wrapfig.sty
\wrapoverhang=\dimen132
\WF@size=\dimen133
\c@WF@wrappedlines=\count104
\WF@box=\box33
\WF@everypar=\toks25
Package: wrapfig 2003/01/31  v 3.6
)
(D:\MikTex\texmfs\install\tex\latex\fncylab\fncylab.sty)
(D:\MikTex\texmfs\install\tex\latex\fancyhdr\fancyhdr.sty
Package: fancyhdr 2021/01/28 v4.0.1 Extensive control of page headers and foote
rs
\f@nch@headwidth=\skip51
\f@nch@O@elh=\skip52
\f@nch@O@erh=\skip53
\f@nch@O@olh=\skip54
\f@nch@O@orh=\skip55
\f@nch@O@elf=\skip56
\f@nch@O@erf=\skip57
\f@nch@O@olf=\skip58
\f@nch@O@orf=\skip59
)
(D:\MikTex\texmfs\install\tex\latex\url\url.sty
\Urlmuskip=\muskip10
Package: url 2013/09/16  ver 3.4  Verb mode for urls, etc.
)
(D:\MikTex\texmfs\install\tex\generic\babel\babel.sty
Package: babel 2018/06/05 3.22 The Babel package

(D:\MikTex\texmfs\install\tex\generic\babel\switch.def
File: switch.def 2018/06/05 3.22 Babel switching mechanism
)
*************************************
* Local config file bblopts.cfg used
*
(D:\MikTex\texmfs\install\tex\latex\arabi\bblopts.cfg
File: bblopts.cfg 2005/09/08 v0.1 add Arabic and Farsi to "declared" options of
 babel
)
(D:\MikTex\texmfs\install\tex\latex\babel-english\english.ldf
Language: english 2017/06/06 v3.3r English support from the babel system

(D:\MikTex\texmfs\install\tex\generic\babel\babel.def
File: babel.def 2018/06/05 3.22 Babel common definitions
\babel@savecnt=\count105
\U@D=\dimen134

(D:\MikTex\texmfs\install\tex\generic\babel\txtbabel.def)
\bbl@dirlevel=\count106
)
\l@british = a dialect from \language\l@english 
\l@UKenglish = a dialect from \language\l@english 
\l@american = a dialect from \language\l@english 
\l@canadian = a dialect from \language\l@american 
\l@australian = a dialect from \language\l@british 
\l@newzealand = a dialect from \language\l@british 
))
(D:\MikTex\texmfs\install\tex\latex\amsmath\amsmath.sty
Package: amsmath 2017/09/02 v2.17a AMS math features
\@mathmargin=\skip60

For additional information on amsmath, use the `?' option.
(D:\MikTex\texmfs\install\tex\latex\amsmath\amstext.sty
Package: amstext 2000/06/29 v2.01 AMS text

(D:\MikTex\texmfs\install\tex\latex\amsmath\amsgen.sty
File: amsgen.sty 1999/11/30 v2.0 generic functions
\@emptytoks=\toks26
\ex@=\dimen135
))
(D:\MikTex\texmfs\install\tex\latex\amsmath\amsbsy.sty
Package: amsbsy 1999/11/29 v1.2d Bold Symbols
\pmbraise@=\dimen136
)
(D:\MikTex\texmfs\install\tex\latex\amsmath\amsopn.sty
Package: amsopn 2016/03/08 v2.02 operator names
)
\inf@bad=\count107
LaTeX Info: Redefining \frac on input line 213.
\uproot@=\count108
\leftroot@=\count109
LaTeX Info: Redefining \overline on input line 375.
\classnum@=\count110
\DOTSCASE@=\count111
LaTeX Info: Redefining \ldots on input line 472.
LaTeX Info: Redefining \dots on input line 475.
LaTeX Info: Redefining \cdots on input line 596.
\Mathstrutbox@=\box34
\strutbox@=\box35
\big@size=\dimen137
LaTeX Font Info:    Redeclaring font encoding OML on input line 712.
LaTeX Font Info:    Redeclaring font encoding OMS on input line 713.
\macc@depth=\count112
\c@MaxMatrixCols=\count113
\dotsspace@=\muskip11
\c@parentequation=\count114
\dspbrk@lvl=\count115
\tag@help=\toks27
\row@=\count116
\column@=\count117
\maxfields@=\count118
\andhelp@=\toks28
\eqnshift@=\dimen138
\alignsep@=\dimen139
\tagshift@=\dimen140
\tagwidth@=\dimen141
\totwidth@=\dimen142
\lineht@=\dimen143
\@envbody=\toks29
\multlinegap=\skip61
\multlinetaggap=\skip62
\mathdisplay@stack=\toks30
LaTeX Info: Redefining \[ on input line 2817.
LaTeX Info: Redefining \] on input line 2818.
)
(D:\MikTex\texmfs\install\tex\latex\graphics\graphicx.sty
Package: graphicx 2017/06/01 v1.1a Enhanced LaTeX Graphics (DPC,SPQR)

(D:\MikTex\texmfs\install\tex\latex\graphics\graphics.sty
Package: graphics 2017/06/25 v1.2c Standard LaTeX Graphics (DPC,SPQR)

(D:\MikTex\texmfs\install\tex\latex\graphics\trig.sty
Package: trig 2016/01/03 v1.10 sin cos tan (DPC)
)
(D:\MikTex\texmfs\install\tex\latex\graphics-cfg\graphics.cfg
File: graphics.cfg 2016/06/04 v1.11 sample graphics configuration
)
Package graphics Info: Driver file: pdftex.def on input line 99.

(D:\MikTex\texmfs\install\tex\latex\graphics-def\pdftex.def
File: pdftex.def 2018/01/08 v1.0l Graphics/color driver for pdftex
))
\Gin@req@height=\dimen144
\Gin@req@width=\dimen145
)
(D:\MikTex\texmfs\install\tex\latex\doublestroke\dsfont.sty
Package: dsfont 1995/08/01 v0.1 Double stroke roman fonts
)
(D:\MikTex\texmfs\install\tex\latex\oberdiek\epstopdf.sty
Package: epstopdf 2016/05/15 v2.6 Conversion with epstopdf on the fly (HO)

(D:\MikTex\texmfs\install\tex\latex\oberdiek\epstopdf-base.sty
Package: epstopdf-base 2016/05/15 v2.6 Base part for package epstopdf

(D:\MikTex\texmfs\install\tex\generic\oberdiek\infwarerr.sty
Package: infwarerr 2016/05/16 v1.4 Providing info/warning/error messages (HO)
)
(D:\MikTex\texmfs\install\tex\latex\oberdiek\grfext.sty
Package: grfext 2016/05/16 v1.2 Manage graphics extensions (HO)

(D:\MikTex\texmfs\install\tex\generic\oberdiek\kvdefinekeys.sty
Package: kvdefinekeys 2016/05/16 v1.4 Define keys (HO)

(D:\MikTex\texmfs\install\tex\generic\oberdiek\ltxcmds.sty
Package: ltxcmds 2016/05/16 v1.23 LaTeX kernel commands for general use (HO)
)))
(D:\MikTex\texmfs\install\tex\latex\oberdiek\kvoptions.sty
Package: kvoptions 2016/05/16 v3.12 Key value format for package options (HO)

(D:\MikTex\texmfs\install\tex\generic\oberdiek\kvsetkeys.sty
Package: kvsetkeys 2016/05/16 v1.17 Key value parser (HO)

(D:\MikTex\texmfs\install\tex\generic\oberdiek\etexcmds.sty
Package: etexcmds 2016/05/16 v1.6 Avoid name clashes with e-TeX commands (HO)

(D:\MikTex\texmfs\install\tex\generic\oberdiek\ifluatex.sty
Package: ifluatex 2016/05/16 v1.4 Provides the ifluatex switch (HO)
Package ifluatex Info: LuaTeX not detected.
)
Package etexcmds Info: Could not find \expanded.
(etexcmds)             That can mean that you are not using pdfTeX 1.50 or
(etexcmds)             that some package has redefined \expanded.
(etexcmds)             In the latter case, load this package earlier.
)))
(D:\MikTex\texmfs\install\tex\generic\oberdiek\pdftexcmds.sty
Package: pdftexcmds 2018/01/30 v0.27 Utility functions of pdfTeX for LuaTeX (HO
)
Package pdftexcmds Info: LuaTeX not detected.
Package pdftexcmds Info: \pdf@primitive is available.
Package pdftexcmds Info: \pdf@ifprimitive is available.
Package pdftexcmds Info: \pdfdraftmode found.
)
Package epstopdf-base Info: Redefining graphics rule for `.eps' on input line 4
38.
Package grfext Info: Graphics extension search list:
(grfext)             [.pdf,.png,.jpg,.mps,.jpeg,.jbig2,.jb2,.PDF,.PNG,.JPG,.JPE
G,.JBIG2,.JB2,.eps]
(grfext)             \AppendGraphicsExtensions on input line 456.
))
(D:\MikTex\texmfs\install\tex\latex\hyperref\backref.sty
Package: backref 2016/05/21 v1.39 Bibliographical back referencing

(D:\MikTex\texmfs\install\tex\latex\oberdiek\rerunfilecheck.sty
Package: rerunfilecheck 2016/05/16 v1.8 Rerun checks for auxiliary files (HO)

(D:\MikTex\texmfs\install\tex\latex\oberdiek\atveryend.sty
Package: atveryend 2016/05/16 v1.9 Hooks at the very end of document (HO)
Package atveryend Info: \enddocument detected (standard20110627).
)
(D:\MikTex\texmfs\install\tex\generic\oberdiek\uniquecounter.sty
Package: uniquecounter 2016/05/16 v1.3 Provide unlimited unique counter (HO)

(D:\MikTex\texmfs\install\tex\generic\oberdiek\bigintcalc.sty
Package: bigintcalc 2016/05/16 v1.4 Expandable calculations on big integers (HO
)
))
Package uniquecounter Info: New unique counter `rerunfilecheck' on input line 2
82.
))
(D:\MikTex\texmfs\install\tex\latex\base\latexsym.sty
Package: latexsym 1998/08/17 v2.2e Standard LaTeX package (lasy symbols)
\symlasy=\mathgroup4
LaTeX Font Info:    Overwriting symbol font `lasy' in version `bold'
(Font)                  U/lasy/m/n --> U/lasy/b/n on input line 52.
)
(D:\MikTex\texmfs\install\tex\latex\hyperref\hyperref.sty
Package: hyperref 2018/02/06 v6.86b Hypertext links for LaTeX

(D:\MikTex\texmfs\install\tex\generic\oberdiek\hobsub-hyperref.sty
Package: hobsub-hyperref 2016/05/16 v1.14 Bundle oberdiek, subset hyperref (HO)


(D:\MikTex\texmfs\install\tex\generic\oberdiek\hobsub-generic.sty
Package: hobsub-generic 2016/05/16 v1.14 Bundle oberdiek, subset generic (HO)
Package: hobsub 2016/05/16 v1.14 Construct package bundles (HO)
Package hobsub Info: Skipping package `infwarerr' (already loaded).
Package hobsub Info: Skipping package `ltxcmds' (already loaded).
Package hobsub Info: Skipping package `ifluatex' (already loaded).
Package hobsub Info: Skipping package `ifvtex' (already loaded).
Package: intcalc 2016/05/16 v1.2 Expandable calculations with integers (HO)
Package hobsub Info: Skipping package `ifpdf' (already loaded).
Package hobsub Info: Skipping package `etexcmds' (already loaded).
Package hobsub Info: Skipping package `kvsetkeys' (already loaded).
Package hobsub Info: Skipping package `kvdefinekeys' (already loaded).
Package hobsub Info: Skipping package `pdftexcmds' (already loaded).
Package: pdfescape 2016/05/16 v1.14 Implements pdfTeX's escape features (HO)
Package hobsub Info: Skipping package `bigintcalc' (already loaded).
Package: bitset 2016/05/16 v1.2 Handle bit-vector datatype (HO)
Package hobsub Info: Skipping package `uniquecounter' (already loaded).
)
Package hobsub Info: Skipping package `hobsub' (already loaded).
Package: letltxmacro 2016/05/16 v1.5 Let assignment for LaTeX macros (HO)
Package: hopatch 2016/05/16 v1.3 Wrapper for package hooks (HO)
Package: xcolor-patch 2016/05/16 xcolor patch
Package hobsub Info: Skipping package `atveryend' (already loaded).
Package: atbegshi 2016/06/09 v1.18 At begin shipout hook (HO)
Package: refcount 2016/05/16 v3.5 Data extraction from label references (HO)
Package: hycolor 2016/05/16 v1.8 Color options for hyperref/bookmark (HO)
)
(D:\MikTex\texmfs\install\tex\latex\oberdiek\auxhook.sty
Package: auxhook 2016/05/16 v1.4 Hooks for auxiliary files (HO)
)
\@linkdim=\dimen146
\Hy@linkcounter=\count119
\Hy@pagecounter=\count120

(D:\MikTex\texmfs\install\tex\latex\hyperref\pd1enc.def
File: pd1enc.def 2018/02/06 v6.86b Hyperref: PDFDocEncoding definition (HO)
)
\Hy@SavedSpaceFactor=\count121

(D:\MikTex\texmfs\install\tex\latex\00miktex\hyperref.cfg
File: hyperref.cfg 2002/06/06 v1.2 hyperref configuration of TeXLive
)
Package hyperref Info: Option `hypertexnames' set `false' on input line 4383.
Package hyperref Info: Option `colorlinks' set `true' on input line 4383.
Package hyperref Info: Hyper figures OFF on input line 4509.
Package hyperref Info: Link nesting OFF on input line 4514.
Package hyperref Info: Hyper index ON on input line 4517.
Package hyperref Info: Plain pages OFF on input line 4524.
Package hyperref Info: Backreferencing ON on input line 4527.
Package hyperref Info: Implicit mode ON; LaTeX internals redefined.
Package hyperref Info: Bookmarks ON on input line 4762.
\c@Hy@tempcnt=\count122
LaTeX Info: Redefining \url on input line 5115.
\XeTeXLinkMargin=\dimen147
\Fld@menulength=\count123
\Field@Width=\dimen148
\Fld@charsize=\dimen149
Package hyperref Info: Hyper figures OFF on input line 6369.
Package hyperref Info: Link nesting OFF on input line 6374.
Package hyperref Info: Hyper index ON on input line 6377.
Package hyperref Info: backreferencing ON on input line 6382.
Package hyperref Info: Link coloring ON on input line 6387.
Package hyperref Info: Link coloring with OCG OFF on input line 6394.
Package hyperref Info: PDF/A mode OFF on input line 6399.
LaTeX Info: Redefining \ref on input line 6439.
LaTeX Info: Redefining \pageref on input line 6443.
\Hy@abspage=\count124
\c@Item=\count125
\c@Hfootnote=\count126
)
Package hyperref Info: Driver: hpdftex.

(D:\MikTex\texmfs\install\tex\latex\hyperref\hpdftex.def
File: hpdftex.def 2018/02/06 v6.86b Hyperref driver for pdfTeX
\Fld@listcount=\count127
\c@bookmark@seq@number=\count128
\Hy@SectionHShift=\skip63
)
Package hyperref Info: Option `bookmarksnumbered' set `true' on input line 47.
Package hyperref Info: Option `bookmarksopen' set `true' on input line 47.
Package hyperref Info: Option `colorlinks' set `true' on input line 47.

(D:\MikTex\texmfs\install\tex\latex\oberdiek\hypcap.sty
Package: hypcap 2016/05/16 v1.12 Adjusting the anchors of captions (HO)
)
(D:\MikTex\texmfs\install\tex\latex\adjustbox\adjustbox.sty
Package: adjustbox 2019/01/04 v1.2 Adjusting TeX boxes (trim, clip, ...)

(D:\MikTex\texmfs\install\tex\latex\xkeyval\xkeyval.sty
Package: xkeyval 2014/12/03 v2.7a package option processing (HA)

(D:\MikTex\texmfs\install\tex\generic\xkeyval\xkeyval.tex
(D:\MikTex\texmfs\install\tex\generic\xkeyval\xkvutils.tex
\XKV@toks=\toks31
\XKV@tempa@toks=\toks32
)
\XKV@depth=\count129
File: xkeyval.tex 2014/12/03 v2.7a key=value parser (HA)
))
(D:\MikTex\texmfs\install\tex\latex\adjustbox\adjcalc.sty
Package: adjcalc 2012/05/16 v1.1 Provides advanced setlength with multiple back
-ends (calc, etex, pgfmath)
)
(D:\MikTex\texmfs\install\tex\latex\adjustbox\trimclip.sty
Package: trimclip 2018/04/08 v1.1 Trim and clip general TeX material

(D:\MikTex\texmfs\install\tex\latex\collectbox\collectbox.sty
Package: collectbox 2012/05/17 v0.4b Collect macro arguments as boxes
\collectedbox=\box36
)
\tc@llx=\dimen150
\tc@lly=\dimen151
\tc@urx=\dimen152
\tc@ury=\dimen153
Package trimclip Info: Using driver 'tc-pdftex.def'.

(D:\MikTex\texmfs\install\tex\latex\adjustbox\tc-pdftex.def
File: tc-pdftex.def 2019/01/04 v2.2 Clipping driver for pdftex
))
\adjbox@Width=\dimen154
\adjbox@Height=\dimen155
\adjbox@Depth=\dimen156
\adjbox@Totalheight=\dimen157
\adjbox@pwidth=\dimen158
\adjbox@pheight=\dimen159
\adjbox@pdepth=\dimen160
\adjbox@ptotalheight=\dimen161

(D:\MikTex\texmfs\install\tex\latex\ifoddpage\ifoddpage.sty
Package: ifoddpage 2016/04/23 v1.1 Conditionals for odd/even page detection
\c@checkoddpage=\count130
)
(D:\MikTex\texmfs\install\tex\latex\varwidth\varwidth.sty
Package: varwidth 2009/03/30 ver 0.92;  Variable-width minipages
\@vwid@box=\box37
\sift@deathcycles=\count131
\@vwid@loff=\dimen162
\@vwid@roff=\dimen163
))
(D:\MikTex\texmfs\install\tex\latex\pdfpages\pdfpages.sty
Package: pdfpages 2019/11/21 v0.5o Insert pages of external PDF documents (AM)

(D:\MikTex\texmfs\install\tex\latex\base\ifthen.sty
Package: ifthen 2014/09/29 v1.1c Standard LaTeX ifthen package (DPC)
)
(D:\MikTex\texmfs\install\tex\latex\tools\calc.sty
Package: calc 2017/05/25 v4.3 Infix arithmetic (KKT,FJ)
\calc@Acount=\count132
\calc@Bcount=\count133
\calc@Adimen=\dimen164
\calc@Bdimen=\dimen165
\calc@Askip=\skip64
\calc@Bskip=\skip65
LaTeX Info: Redefining \setlength on input line 80.
LaTeX Info: Redefining \addtolength on input line 81.
\calc@Ccount=\count134
\calc@Cskip=\skip66
)
(D:\MikTex\texmfs\install\tex\latex\eso-pic\eso-pic.sty
Package: eso-pic 2018/04/12 v2.0h eso-pic (RN)

(D:\MikTex\texmfs\install\tex\latex\xcolor\xcolor.sty
Package: xcolor 2016/05/11 v2.12 LaTeX color extensions (UK)

(D:\MikTex\texmfs\install\tex\latex\graphics-cfg\color.cfg
File: color.cfg 2016/01/02 v1.6 sample color configuration
)
Package xcolor Info: Driver file: pdftex.def on input line 225.
Package xcolor Info: Model `cmy' substituted by `cmy0' on input line 1348.
Package xcolor Info: Model `hsb' substituted by `rgb' on input line 1352.
Package xcolor Info: Model `RGB' extended on input line 1364.
Package xcolor Info: Model `HTML' substituted by `rgb' on input line 1366.
Package xcolor Info: Model `Hsb' substituted by `hsb' on input line 1367.
Package xcolor Info: Model `tHsb' substituted by `hsb' on input line 1368.
Package xcolor Info: Model `HSB' substituted by `hsb' on input line 1369.
Package xcolor Info: Model `Gray' substituted by `gray' on input line 1370.
Package xcolor Info: Model `wave' substituted by `hsb' on input line 1371.
))
\AM@pagewidth=\dimen166
\AM@pageheight=\dimen167

(D:\MikTex\texmfs\install\tex\latex\pdfpages\pppdftex.def
File: pppdftex.def 2019/11/21 v0.5o Pdfpages driver for pdfTeX (AM)
)
\AM@pagebox=\box38
\AM@global@opts=\toks33
\AM@toc@title=\toks34
\c@AM@survey=\count135
\AM@templatesizebox=\box39
)
(D:\MikTex\texmfs\install\tex\latex\pgf\basiclayer\pgf.sty
(D:\MikTex\texmfs\install\tex\latex\pgf\utilities\pgfrcs.sty
(D:\MikTex\texmfs\install\tex\generic\pgf\utilities\pgfutil-common.tex
\pgfutil@everybye=\toks35
\pgfutil@tempdima=\dimen168
\pgfutil@tempdimb=\dimen169

(D:\MikTex\texmfs\install\tex\generic\pgf\utilities\pgfutil-common-lists.tex))
(D:\MikTex\texmfs\install\tex\generic\pgf\utilities\pgfutil-latex.def
\pgfutil@abb=\box40

(D:\MikTex\texmfs\install\tex\latex\ms\everyshi.sty
Package: everyshi 2001/05/15 v3.00 EveryShipout Package (MS)
))
(D:\MikTex\texmfs\install\tex\generic\pgf\utilities\pgfrcs.code.tex
Package: pgfrcs 2015/08/07 v3.0.1a (rcs-revision 1.31)
))
Package: pgf 2015/08/07 v3.0.1a (rcs-revision 1.15)

(D:\MikTex\texmfs\install\tex\latex\pgf\basiclayer\pgfcore.sty
(D:\MikTex\texmfs\install\tex\latex\pgf\systemlayer\pgfsys.sty
(D:\MikTex\texmfs\install\tex\generic\pgf\systemlayer\pgfsys.code.tex
Package: pgfsys 2014/07/09 v3.0.1a (rcs-revision 1.48)

(D:\MikTex\texmfs\install\tex\generic\pgf\utilities\pgfkeys.code.tex
\pgfkeys@pathtoks=\toks36
\pgfkeys@temptoks=\toks37

(D:\MikTex\texmfs\install\tex\generic\pgf\utilities\pgfkeysfiltered.code.tex
\pgfkeys@tmptoks=\toks38
))
\pgf@x=\dimen170
\pgf@y=\dimen171
\pgf@xa=\dimen172
\pgf@ya=\dimen173
\pgf@xb=\dimen174
\pgf@yb=\dimen175
\pgf@xc=\dimen176
\pgf@yc=\dimen177
\w@pgf@writea=\write3
\r@pgf@reada=\read1
\c@pgf@counta=\count136
\c@pgf@countb=\count137
\c@pgf@countc=\count138
\c@pgf@countd=\count139
\t@pgf@toka=\toks39
\t@pgf@tokb=\toks40
\t@pgf@tokc=\toks41

(D:\MikTex\texmfs\install\tex\generic\pgf\systemlayer\pgf.cfg
File: pgf.cfg 2008/05/14  (rcs-revision 1.7)
)
Driver file for pgf: pgfsys-pdftex.def

(D:\MikTex\texmfs\install\tex\generic\pgf\systemlayer\pgfsys-pdftex.def
File: pgfsys-pdftex.def 2014/10/11  (rcs-revision 1.35)

(D:\MikTex\texmfs\install\tex\generic\pgf\systemlayer\pgfsys-common-pdf.def
File: pgfsys-common-pdf.def 2013/10/10  (rcs-revision 1.13)
)))
(D:\MikTex\texmfs\install\tex\generic\pgf\systemlayer\pgfsyssoftpath.code.tex
File: pgfsyssoftpath.code.tex 2013/09/09  (rcs-revision 1.9)
\pgfsyssoftpath@smallbuffer@items=\count140
\pgfsyssoftpath@bigbuffer@items=\count141
)
(D:\MikTex\texmfs\install\tex\generic\pgf\systemlayer\pgfsysprotocol.code.tex
File: pgfsysprotocol.code.tex 2006/10/16  (rcs-revision 1.4)
)) (D:\MikTex\texmfs\install\tex\generic\pgf\basiclayer\pgfcore.code.tex
Package: pgfcore 2010/04/11 v3.0.1a (rcs-revision 1.7)

(D:\MikTex\texmfs\install\tex\generic\pgf\math\pgfmath.code.tex
(D:\MikTex\texmfs\install\tex\generic\pgf\math\pgfmathcalc.code.tex
(D:\MikTex\texmfs\install\tex\generic\pgf\math\pgfmathutil.code.tex)
(D:\MikTex\texmfs\install\tex\generic\pgf\math\pgfmathparser.code.tex
\pgfmath@dimen=\dimen178
\pgfmath@count=\count142
\pgfmath@box=\box41
\pgfmath@toks=\toks42
\pgfmath@stack@operand=\toks43
\pgfmath@stack@operation=\toks44
)
(D:\MikTex\texmfs\install\tex\generic\pgf\math\pgfmathfunctions.code.tex
(D:\MikTex\texmfs\install\tex\generic\pgf\math\pgfmathfunctions.basic.code.tex)

(D:\MikTex\texmfs\install\tex\generic\pgf\math\pgfmathfunctions.trigonometric.c
ode.tex)
(D:\MikTex\texmfs\install\tex\generic\pgf\math\pgfmathfunctions.random.code.tex
)
(D:\MikTex\texmfs\install\tex\generic\pgf\math\pgfmathfunctions.comparison.code
.tex)
(D:\MikTex\texmfs\install\tex\generic\pgf\math\pgfmathfunctions.base.code.tex)
(D:\MikTex\texmfs\install\tex\generic\pgf\math\pgfmathfunctions.round.code.tex)
(D:\MikTex\texmfs\install\tex\generic\pgf\math\pgfmathfunctions.misc.code.tex)
(D:\MikTex\texmfs\install\tex\generic\pgf\math\pgfmathfunctions.integerarithmet
ics.code.tex)))
(D:\MikTex\texmfs\install\tex\generic\pgf\math\pgfmathfloat.code.tex
\c@pgfmathroundto@lastzeros=\count143
))
(D:\MikTex\texmfs\install\tex\generic\pgf\basiclayer\pgfcorepoints.code.tex
File: pgfcorepoints.code.tex 2013/10/07  (rcs-revision 1.27)
\pgf@picminx=\dimen179
\pgf@picmaxx=\dimen180
\pgf@picminy=\dimen181
\pgf@picmaxy=\dimen182
\pgf@pathminx=\dimen183
\pgf@pathmaxx=\dimen184
\pgf@pathminy=\dimen185
\pgf@pathmaxy=\dimen186
\pgf@xx=\dimen187
\pgf@xy=\dimen188
\pgf@yx=\dimen189
\pgf@yy=\dimen190
\pgf@zx=\dimen191
\pgf@zy=\dimen192
)
(D:\MikTex\texmfs\install\tex\generic\pgf\basiclayer\pgfcorepathconstruct.code.
tex
File: pgfcorepathconstruct.code.tex 2013/10/07  (rcs-revision 1.29)
\pgf@path@lastx=\dimen193
\pgf@path@lasty=\dimen194
)
(D:\MikTex\texmfs\install\tex\generic\pgf\basiclayer\pgfcorepathusage.code.tex
File: pgfcorepathusage.code.tex 2014/11/02  (rcs-revision 1.24)
\pgf@shorten@end@additional=\dimen195
\pgf@shorten@start@additional=\dimen196
) (D:\MikTex\texmfs\install\tex\generic\pgf\basiclayer\pgfcorescopes.code.tex
File: pgfcorescopes.code.tex 2015/05/08  (rcs-revision 1.46)
\pgfpic=\box42
\pgf@hbox=\box43
\pgf@layerbox@main=\box44
\pgf@picture@serial@count=\count144
)
(D:\MikTex\texmfs\install\tex\generic\pgf\basiclayer\pgfcoregraphicstate.code.t
ex
File: pgfcoregraphicstate.code.tex 2014/11/02  (rcs-revision 1.12)
\pgflinewidth=\dimen197
)
(D:\MikTex\texmfs\install\tex\generic\pgf\basiclayer\pgfcoretransformations.cod
e.tex
File: pgfcoretransformations.code.tex 2015/08/07  (rcs-revision 1.20)
\pgf@pt@x=\dimen198
\pgf@pt@y=\dimen199
\pgf@pt@temp=\dimen256
)
(D:\MikTex\texmfs\install\tex\generic\pgf\basiclayer\pgfcorequick.code.tex
File: pgfcorequick.code.tex 2008/10/09  (rcs-revision 1.3)
)
(D:\MikTex\texmfs\install\tex\generic\pgf\basiclayer\pgfcoreobjects.code.tex
File: pgfcoreobjects.code.tex 2006/10/11  (rcs-revision 1.2)
)
(D:\MikTex\texmfs\install\tex\generic\pgf\basiclayer\pgfcorepathprocessing.code
.tex
File: pgfcorepathprocessing.code.tex 2013/09/09  (rcs-revision 1.9)
)
(D:\MikTex\texmfs\install\tex\generic\pgf\basiclayer\pgfcorearrows.code.tex
File: pgfcorearrows.code.tex 2015/05/14  (rcs-revision 1.43)
\pgfarrowsep=\dimen257
)
(D:\MikTex\texmfs\install\tex\generic\pgf\basiclayer\pgfcoreshade.code.tex
File: pgfcoreshade.code.tex 2013/07/15  (rcs-revision 1.15)
\pgf@max=\dimen258
\pgf@sys@shading@range@num=\count145
)
(D:\MikTex\texmfs\install\tex\generic\pgf\basiclayer\pgfcoreimage.code.tex
File: pgfcoreimage.code.tex 2013/07/15  (rcs-revision 1.18)

(D:\MikTex\texmfs\install\tex\generic\pgf\basiclayer\pgfcoreexternal.code.tex
File: pgfcoreexternal.code.tex 2014/07/09  (rcs-revision 1.21)
\pgfexternal@startupbox=\box45
)) (D:\MikTex\texmfs\install\tex\generic\pgf\basiclayer\pgfcorelayers.code.tex
File: pgfcorelayers.code.tex 2013/07/18  (rcs-revision 1.7)
)
(D:\MikTex\texmfs\install\tex\generic\pgf\basiclayer\pgfcoretransparency.code.t
ex
File: pgfcoretransparency.code.tex 2013/09/30  (rcs-revision 1.5)
)
(D:\MikTex\texmfs\install\tex\generic\pgf\basiclayer\pgfcorepatterns.code.tex
File: pgfcorepatterns.code.tex 2013/11/07  (rcs-revision 1.5)
))) (D:\MikTex\texmfs\install\tex\generic\pgf\modules\pgfmoduleshapes.code.tex
File: pgfmoduleshapes.code.tex 2014/03/21  (rcs-revision 1.35)
\pgfnodeparttextbox=\box46
)
(D:\MikTex\texmfs\install\tex\generic\pgf\modules\pgfmoduleplot.code.tex
File: pgfmoduleplot.code.tex 2015/08/03  (rcs-revision 1.13)
)
(D:\MikTex\texmfs\install\tex\latex\pgf\compatibility\pgfcomp-version-0-65.sty
Package: pgfcomp-version-0-65 2007/07/03 v3.0.1a (rcs-revision 1.7)
\pgf@nodesepstart=\dimen259
\pgf@nodesepend=\dimen260
) (D:\MikTex\texmfs\install\tex\latex\pgf\compatibility\pgfcomp-version-1-18.st
y
Package: pgfcomp-version-1-18 2007/07/23 v3.0.1a (rcs-revision 1.1)
)) (D:\MikTex\texmfs\install\tex\latex\relsize\relsize.sty
Package: relsize 2013/03/29 ver 4.1
)) (Report.aux)
\openout1 = `Report.aux'.

LaTeX Font Info:    Checking defaults for OML/cmm/m/it on input line 28.
LaTeX Font Info:    ... okay on input line 28.
LaTeX Font Info:    Checking defaults for T1/cmr/m/n on input line 28.
LaTeX Font Info:    ... okay on input line 28.
LaTeX Font Info:    Checking defaults for OT1/cmr/m/n on input line 28.
LaTeX Font Info:    ... okay on input line 28.
LaTeX Font Info:    Checking defaults for OMS/cmsy/m/n on input line 28.
LaTeX Font Info:    ... okay on input line 28.
LaTeX Font Info:    Checking defaults for OMX/cmex/m/n on input line 28.
LaTeX Font Info:    ... okay on input line 28.
LaTeX Font Info:    Checking defaults for U/cmr/m/n on input line 28.
LaTeX Font Info:    ... okay on input line 28.
LaTeX Font Info:    Checking defaults for PD1/pdf/m/n on input line 28.
LaTeX Font Info:    ... okay on input line 28.
LaTeX Font Info:    Try loading font information for OT1+bch on input line 28.

(D:\MikTex\texmfs\install\tex\latex\psnfss\ot1bch.fd
File: ot1bch.fd 2004/10/18 font definitions for OT1/bch.
)
(D:\MikTex\texmfs\install\tex\latex\ucs\ucsencs.def
File: ucsencs.def 2011/01/21 Fixes to fontencodings LGR, T3
)
*geometry* driver: auto-detecting
*geometry* detected driver: pdftex
*geometry* verbose mode - [ preamble ] result:
* driver: pdftex
* paper: a4paper
* layout: <same size as paper>
* layoutoffset:(h,v)=(0.0pt,0.0pt)
* modes: includehead includefoot twoside 
* h-part:(L,W,R)=(79.6678pt, 438.17227pt, 79.6678pt)
* v-part:(T,H,B)=(56.9055pt, 731.23584pt, 56.9055pt)
* \paperwidth=597.50787pt
* \paperheight=845.04684pt
* \textwidth=438.17227pt
* \textheight=664.23584pt
* \oddsidemargin=7.39781pt
* \evensidemargin=7.39781pt
* \topmargin=-15.36449pt
* \headheight=14.5pt
* \headsep=25.0pt
* \topskip=12.0pt
* \footskip=30.0pt
* \marginparwidth=95.0pt
* \marginparsep=10.0pt
* \columnsep=10.0pt
* \skip\footins=10.8pt plus 4.0pt minus 2.0pt
* \hoffset=0.0pt
* \voffset=0.0pt
* \mag=1000
* \@twocolumnfalse
* \@twosidetrue
* \@mparswitchtrue
* \@reversemarginfalse
* (1in=72.27pt=25.4mm, 1cm=28.453pt)

Package caption Info: Begin \AtBeginDocument code.
Package caption Info: hyperref package is loaded.
Package caption Info: hypcap package is loaded.
Package caption Info: wrapfig package is loaded.
Package caption Info: End \AtBeginDocument code.
(D:\MikTex\texmfs\install\tex\context\base\supp-pdf.mkii
[Loading MPS to PDF converter (version 2006.09.02).]
\scratchcounter=\count146
\scratchdimen=\dimen261
\scratchbox=\box47
\nofMPsegments=\count147
\nofMParguments=\count148
\everyMPshowfont=\toks45
\MPscratchCnt=\count149
\MPscratchDim=\dimen262
\MPnumerator=\count150
\makeMPintoPDFobject=\count151
\everyMPtoPDFconversion=\toks46
)
\AtBeginShipoutBox=\box48
Package hyperref Info: Link coloring ON on input line 28.
 (D:\MikTex\texmfs\install\tex\latex\hyperref\nameref.sty
Package: nameref 2016/05/21 v2.44 Cross-referencing by name of section

(D:\MikTex\texmfs\install\tex\generic\oberdiek\gettitlestring.sty
Package: gettitlestring 2016/05/16 v1.5 Cleanup title references (HO)
)
\c@section@level=\count152
)
LaTeX Info: Redefining \ref on input line 28.
LaTeX Info: Redefining \pageref on input line 28.
LaTeX Info: Redefining \nameref on input line 28.
 (Report.out) (Report.out)
\@outlinefile=\write4
\openout4 = `Report.out'.

 (D:\MikTex\texmfs\install\tex\latex\oberdiek\pdflscape.sty
Package: pdflscape 2016/05/14 v0.11 Display of landscape pages in PDF (HO)

(D:\MikTex\texmfs\install\tex\latex\graphics\lscape.sty
Package: lscape 2000/10/22 v3.01 Landscape Pages (DPC)
)
Package pdflscape Info: Auto-detected driver: pdftex on input line 81.
)
ABD: EveryShipout initializing macros (titlepage.tex
<./imperial.pdf, id=26, 362.35374pt x 95.35625pt>
File: ./imperial.pdf Graphic file (type pdf)
<use ./imperial.pdf>
Package pdftex.def Info: ./imperial.pdf  used on input line 11.
(pdftex.def)             Requested size: 113.81102pt x 29.95006pt.

Underfull \hbox (badness 10000) in paragraph at lines 11--12

 []

LaTeX Font Info:    Font shape `OT1/bch/bx/n' in size <24.88> not available
(Font)              Font shape `OT1/bch/b/n' tried instead on input line 27.
LaTeX Font Info:    Try loading font information for U+lasy on input line 42.
(D:\MikTex\texmfs\install\tex\latex\base\ulasy.fd
File: ulasy.fd 1998/08/17 v2.2e LaTeX symbol font definitions
) [1

{D:/MikTex/texmfs/data/pdftex/config/pdftex.map} <./imperial.pdf>])
LaTeX Font Info:    Font shape `OT1/bch/bx/n' in size <12> not available
(Font)              Font shape `OT1/bch/b/n' tried instead on input line 44.
 [1


] [1] [2] (Report.toc)
\tf@toc=\write5
\openout5 = `Report.toc'.

 [3

]
(Report.lof)
\tf@lof=\write6
\openout6 = `Report.lof'.

 [4

]
Chapter 1.
[1



]
Chapter 2.
[2

]
Chapter 3.
[3

]
Chapter 4.
[4

]
Chapter 5.
(Report.bbl (Report.brf)
\tf@brf=\write7
\openout7 = `Report.brf'.

 [5

]

LaTeX Warning: Empty `thebibliography' environment on input line 24.

) [6

]
Package atveryend Info: Empty hook `BeforeClearDocument' on input line 103.
Package atveryend Info: Empty hook `AfterLastShipout' on input line 103.
 (Report.aux)
Package atveryend Info: Executing hook `AtVeryEndDocument' on input line 103.
Package atveryend Info: Executing hook `AtEndAfterFileList' on input line 103.
Package rerunfilecheck Info: File `Report.out' has not changed.
(rerunfilecheck)             Checksum: BF0BCC3607CCD4F14678D86E592C1655;249.
Package rerunfilecheck Info: File `Report.brf' has not changed.
(rerunfilecheck)             Checksum: D41D8CD98F00B204E9800998ECF8427E;0.
Package atveryend Info: Empty hook `AtVeryVeryEnd' on input line 103.
 ) 
Here is how much of TeX's memory you used:
 18188 strings out of 494872
 316596 string characters out of 3178911
 414453 words of memory out of 3000000
 21357 multiletter control sequences out of 15000+200000
 26126 words of font info for 51 fonts, out of 3000000 for 9000
 14 hyphenation exceptions out of 8191
 50i,11n,45p,426b,426s stack positions out of 5000i,500n,10000p,200000b,50000s
{D:/MikTex/texmfs/install/fonts/enc/dvips/base/8r.enc}<D:/MikTex/texmfs/insta
ll/fonts/type1/bitstrea/charter/bchb8a.pfb><D:/MikTex/texmfs/install/fonts/type
1/bitstrea/charter/bchr8a.pfb><D:/MikTex/texmfs/install/fonts/type1/bitstrea/ch
arter/bchri8a.pfb><D:/MikTex/texmfs/install/fonts/type1/public/amsfonts/cm/cmss
bx10.pfb>
Output written on Report.pdf (12 pages, 65059 bytes).
PDF statistics:
 113 PDF objects out of 1000 (max. 8388607)
 21 named destinations out of 1000 (max. 500000)
 58 words of extra memory for PDF output out of 10000 (max. 10000000)

